<?xml version="1.0" encoding="UTF-8"?>
<testng-results skipped="0" failed="1" ignored="0" total="1" passed="0">
  <reporter-output>
  </reporter-output>
  <suite name="Default suite" duration-ms="47261" started-at="2020-12-29T16:47:03Z" finished-at="2020-12-29T16:47:51Z">
    <groups>
    </groups>
    <test name="Default test" duration-ms="47261" started-at="2020-12-29T16:47:03Z" finished-at="2020-12-29T16:47:51Z">
      <class name="lmxscripts.testadd">
        <test-method status="PASS" signature="beforeSuite()[pri:0, instance:lmxscripts.testadd@d706f19]" name="beforeSuite" is-config="true" duration-ms="126" started-at="2020-12-29T16:47:03Z" finished-at="2020-12-29T16:47:03Z">
          <reporter-output>
          </reporter-output>
        </test-method> <!-- beforeSuite -->
        <test-method status="PASS" signature="setData()[pri:0, instance:lmxscripts.testadd@d706f19]" name="setData" is-config="true" duration-ms="1" started-at="2020-12-29T16:47:03Z" finished-at="2020-12-29T16:47:03Z">
          <reporter-output>
          </reporter-output>
        </test-method> <!-- setData -->
        <test-method status="PASS" signature="beforeClass()[pri:0, instance:lmxscripts.testadd@d706f19]" name="beforeClass" is-config="true" duration-ms="2" started-at="2020-12-29T16:47:03Z" finished-at="2020-12-29T16:47:03Z">
          <reporter-output>
          </reporter-output>
        </test-method> <!-- beforeClass -->
        <test-method status="PASS" signature="beforeMethod()[pri:0, instance:lmxscripts.testadd@d706f19]" name="beforeMethod" is-config="true" duration-ms="13490" started-at="2020-12-29T16:47:04Z" finished-at="2020-12-29T16:47:18Z">
          <reporter-output>
          </reporter-output>
        </test-method> <!-- beforeMethod -->
        <test-method status="FAIL" signature="SmokeTest1(java.lang.String, java.lang.String, java.lang.String)[pri:0, instance:lmxscripts.testadd@d706f19]" name="SmokeTest1" duration-ms="32425" started-at="2020-12-29T16:47:18Z" data-provider="fetchData" finished-at="2020-12-29T16:47:50Z">
          <params>
            <param index="0">
              <value>
                <![CDATA[qatest]]>
              </value>
            </param>
            <param index="1">
              <value>
                <![CDATA[MWqatest0]]>
              </value>
            </param>
            <param index="2">
              <value>
                <![CDATA[Masjid Jamek]]>
              </value>
            </param>
          </params>
          <exception class="java.lang.RuntimeException">
            <full-stacktrace>
              <![CDATA[java.lang.RuntimeException
at utils.Reporter.reportStep(Reporter.java:62)
at utils.Reporter.reportStep(Reporter.java:72)
at wdMethods.SeMethods.selectDropDownUsingIndex(SeMethods.java:188)
at lmxpages.Addclassic.indexsearchLocationclassic1(Addclassic.java:29)
at lmxscripts.testadd.SmokeTest1(testadd.java:33)
at sun.reflect.NativeMethodAccessorImpl.invoke0(Native Method)
at sun.reflect.NativeMethodAccessorImpl.invoke(Unknown Source)
at sun.reflect.DelegatingMethodAccessorImpl.invoke(Unknown Source)
at java.lang.reflect.Method.invoke(Unknown Source)
at org.testng.internal.MethodInvocationHelper.invokeMethod(MethodInvocationHelper.java:124)
at org.testng.internal.Invoker.invokeMethod(Invoker.java:580)
at org.testng.internal.Invoker.invokeTestMethod(Invoker.java:716)
at org.testng.internal.Invoker.invokeTestMethods(Invoker.java:988)
at org.testng.internal.TestMethodWorker.invokeTestMethods(TestMethodWorker.java:125)
at org.testng.internal.TestMethodWorker.run(TestMethodWorker.java:109)
at org.testng.TestRunner.privateRun(TestRunner.java:648)
at org.testng.TestRunner.run(TestRunner.java:505)
at org.testng.SuiteRunner.runTest(SuiteRunner.java:455)
at org.testng.SuiteRunner.runSequentially(SuiteRunner.java:450)
at org.testng.SuiteRunner.privateRun(SuiteRunner.java:415)
at org.testng.SuiteRunner.run(SuiteRunner.java:364)
at org.testng.SuiteRunnerWorker.runSuite(SuiteRunnerWorker.java:52)
at org.testng.SuiteRunnerWorker.run(SuiteRunnerWorker.java:84)
at org.testng.TestNG.runSuitesSequentially(TestNG.java:1208)
at org.testng.TestNG.runSuitesLocally(TestNG.java:1137)
at org.testng.TestNG.runSuites(TestNG.java:1049)
at org.testng.TestNG.run(TestNG.java:1017)
at org.testng.remote.AbstractRemoteTestNG.run(AbstractRemoteTestNG.java:115)
at org.testng.remote.RemoteTestNG.initAndRun(RemoteTestNG.java:251)
at org.testng.remote.RemoteTestNG.main(RemoteTestNG.java:77)
]]>
            </full-stacktrace>
          </exception> <!-- java.lang.RuntimeException -->
          <reporter-output>
          </reporter-output>
        </test-method> <!-- SmokeTest1 -->
        <test-method status="PASS" signature="afterMethod()[pri:0, instance:lmxscripts.testadd@d706f19]" name="afterMethod" is-config="true" duration-ms="689" started-at="2020-12-29T16:47:50Z" finished-at="2020-12-29T16:47:51Z">
          <reporter-output>
          </reporter-output>
        </test-method> <!-- afterMethod -->
        <test-method status="PASS" signature="afterTest()[pri:0, instance:lmxscripts.testadd@d706f19]" name="afterTest" is-config="true" duration-ms="1" started-at="2020-12-29T16:47:51Z" finished-at="2020-12-29T16:47:51Z">
          <reporter-output>
          </reporter-output>
        </test-method> <!-- afterTest -->
        <test-method status="PASS" signature="afterSuite()[pri:0, instance:lmxscripts.testadd@d706f19]" name="afterSuite" is-config="true" duration-ms="339" started-at="2020-12-29T16:47:51Z" finished-at="2020-12-29T16:47:51Z">
          <reporter-output>
          </reporter-output>
        </test-method> <!-- afterSuite -->
      </class> <!-- lmxscripts.testadd -->
    </test> <!-- Default test -->
  </suite> <!-- Default suite -->
</testng-results>
